<?xml version="1.0" encoding="UTF-8"?>
<!-- Generated by org.testng.reporters.JUnitReportReporter -->
<testsuite hostname="srujanas-MBP.attlocal.net" failures="0" tests="1" name="com.github.tests.CRUD.GetSingleRepository$GetSingleRepositoryTest" time="5.432" errors="0" timestamp="2024-07-26T00:24:39 CDT" skipped="0">
  <testcase classname="com.github.tests.CRUD.GetSingleRepository$GetSingleRepositoryTest" name="testGetSingleRepositoryWithNonExistingName" time="5.432"/>
  <system-out/>
</testsuite> <!-- com.github.tests.CRUD.GetSingleRepository$GetSingleRepositoryTest -->
