<?xml version="1.0" encoding="UTF-8"?>
<!-- Generated by org.testng.reporters.JUnitReportReporter -->
<testsuite hostname="srujanas-MBP.attlocal.net" failures="0" tests="8" name="com.github.tests.CRUD.GetSingleRepository" time="7.763" errors="0" timestamp="2024-07-26T11:46:00 CDT" skipped="0">
  <testcase classname="com.github.tests.CRUD.GetSingleRepository" name="createRepo" time="4.086"/>
  <system-out/>
  <testcase classname="com.github.tests.CRUD.GetSingleRepository" name="getSingleRepoWithNonExistingName" time="0.246"/>
  <system-out/>
  <testcase classname="com.github.tests.CRUD.GetSingleRepository" name="createRepoWithExistingName" time="0.301"/>
  <system-out/>
  <testcase classname="com.github.tests.CRUD.GetSingleRepository" name="getAllRepos" time="0.662"/>
  <system-out/>
  <testcase classname="com.github.tests.CRUD.GetSingleRepository" name="updateRepositoryName" time="0.793"/>
  <system-out/>
  <testcase classname="com.github.tests.CRUD.GetSingleRepository" name="deleteRepo" time="0.970"/>
  <system-out/>
  <testcase classname="com.github.tests.CRUD.GetSingleRepository" name="deleteRepoWithNonExistingName" time="0.339"/>
  <system-out/>
  <testcase classname="com.github.tests.CRUD.GetSingleRepository" name="getSingleRepo" time="0.366"/>
  <system-out/>
</testsuite> <!-- com.github.tests.CRUD.GetSingleRepository -->
